<?xml version="1.0" encoding="UTF-8"?>
<!-- Generated by org.testng.reporters.JUnitXMLReporter -->
<testsuite ignored="0" hostname="MSI" failures="0" tests="3" name="TestChrome4" time="128.832" errors="0" timestamp="2024-01-31T00:26:34 IST">
  <testcase classname="testPackage.VerifyOrangeTestClass2_Log4j" name="verifyAdminOption" time="3.142"/>
  <testcase classname="testPackage.VerifyOrangeTestClass2_Log4j" name="verifyAboutOption" time="7.732"/>
  <testcase classname="testPackage.VerifyOrangeTestClass2_Log4j" name="verifyEmployeeTableData" time="14.851"/>
</testsuite> <!-- TestChrome4 -->
