<?xml version="1.0" encoding="UTF-8"?>
<!-- Generated by org.testng.reporters.JUnitXMLReporter -->
<testsuite ignored="0" hostname="MSI" failures="0" tests="3" name="TestChrome4" time="310.254" errors="0" timestamp="2024-02-15T00:43:21 IST">
  <testcase classname="testPackage.VerifyOrangeTestClass3_Log4j2" name="VerifyAdminOption" time="4.948"/>
  <testcase classname="testPackage.VerifyOrangeTestClass3_Log4j2" name="VerifyAccountOptionDropDown" time="5.885"/>
  <testcase classname="testPackage.VerifyOrangeTestClass3_Log4j2" name="verifyEmployeeTableDATA" time="9.315"/>
</testsuite> <!-- TestChrome4 -->
