<?xml version="1.0" encoding="UTF-8"?>
<!-- Generated by org.testng.reporters.JUnitXMLReporter -->
<testsuite ignored="0" hostname="MSI" failures="0" tests="3" name="TestChrome1" time="93.257" errors="0" timestamp="2024-01-26T23:05:26 IST">
  <testcase classname="testPackage.VerifyOrangeTestClass1" name="verifyAdminOption" time="12.909"/>
  <testcase classname="testPackage.VerifyOrangeTestClass1" name="verifyAboutOption" time="7.433"/>
  <testcase classname="testPackage.VerifyOrangeTestClass1" name="verifyEmployeeTableData" time="12.188"/>
</testsuite> <!-- TestChrome1 -->
