<?xml version="1.0" encoding="UTF-8"?>
<!-- Generated by org.testng.reporters.JUnitXMLReporter -->
<testsuite ignored="0" hostname="MSI" failures="0" tests="4" name="TestChrome2" time="33.589" errors="0" timestamp="2024-01-26T23:05:59 IST">
  <testcase classname="testPackage.LoginTestClass" name="loginTest" time="6.933"/>
  <testcase classname="testPackage.LoginTestClass" name="loginTest" time="2.86"/>
  <testcase classname="testPackage.LoginTestClass" name="loginTest" time="3.07"/>
  <testcase classname="testPackage.LoginTestClass" name="loginTest" time="3.029"/>
</testsuite> <!-- TestChrome2 -->
