<?xml version="1.0" encoding="UTF-8"?>
<!-- Generated by org.testng.reporters.JUnitXMLReporter -->
<testsuite ignored="0" hostname="MSI" failures="0" tests="4" name="TestChrome2" time="29.5" errors="0" timestamp="2024-01-26T17:51:38 IST">
  <testcase classname="testPackage.LoginTestClass" name="loginTest" time="7.475"/>
  <testcase classname="testPackage.LoginTestClass" name="loginTest" time="4.421"/>
  <testcase classname="testPackage.LoginTestClass" name="loginTest" time="3.488"/>
  <testcase classname="testPackage.LoginTestClass" name="loginTest" time="3.565"/>
</testsuite> <!-- TestChrome2 -->
