<?xml version="1.0" encoding="UTF-8"?>
<!-- Generated by org.testng.reporters.JUnitXMLReporter -->
<testsuite ignored="0" hostname="MSI" failures="0" tests="3" name="TestChrome1" time="84.603" errors="0" timestamp="2024-01-26T17:51:09 IST">
  <testcase classname="testPackage.VerifyOrangeTestClass1" name="verifyAdminOption" time="3.721"/>
  <testcase classname="testPackage.VerifyOrangeTestClass1" name="verifyAboutOption" time="7.573"/>
  <testcase classname="testPackage.VerifyOrangeTestClass1" name="verifyEmployeeTableData" time="12.242"/>
</testsuite> <!-- TestChrome1 -->
