<?xml version="1.0" encoding="UTF-8"?>
<testng-results ignored="0" total="3" passed="3" failed="0" skipped="0">
  <reporter-output>
    <line>
      <![CDATA[Tc is passed]]>
    </line>
    <line>
      <![CDATA[Tc is passed]]>
    </line>
    <line>
      <![CDATA[Tc is passed]]>
    </line>
  </reporter-output>
  <suite started-at="2024-03-24T23:06:19 IST" name="SuiteOrange" finished-at="2024-03-24T23:07:29 IST" duration-ms="70137">
    <groups>
    </groups>
    <test started-at="2024-03-24T23:06:19 IST" name="TestChrome4" finished-at="2024-03-24T23:07:29 IST" duration-ms="70137">
      <class name="testPackage.VerifyOrangeTestClass3_Log4j2">
        <test-method is-config="true" signature="launchBrowser(java.lang.String)[pri:0, instance:testPackage.VerifyOrangeTestClass3_Log4j2@1f2586d6]" started-at="2024-03-24T23:06:19 IST" name="launchBrowser" finished-at="2024-03-24T23:06:21 IST" duration-ms="2251" status="PASS">
          <params>
            <param index="0">
              <value>
                <![CDATA[Chrome]]>
              </value>
            </param>
          </params>
          <reporter-output>
          </reporter-output>
        </test-method> <!-- launchBrowser -->
        <test-method is-config="true" signature="launchOrangeHRMApplication()[pri:0, instance:testPackage.VerifyOrangeTestClass3_Log4j2@1f2586d6]" started-at="2024-03-24T23:06:21 IST" name="launchOrangeHRMApplication" finished-at="2024-03-24T23:06:25 IST" duration-ms="3819" status="PASS">
          <reporter-output>
          </reporter-output>
        </test-method> <!-- launchOrangeHRMApplication -->
        <test-method is-config="true" signature="LoginOrangeHRM()[pri:0, instance:testPackage.VerifyOrangeTestClass3_Log4j2@1f2586d6]" started-at="2024-03-24T23:06:25 IST" name="LoginOrangeHRM" finished-at="2024-03-24T23:06:35 IST" duration-ms="9923" status="PASS">
          <reporter-output>
          </reporter-output>
        </test-method> <!-- LoginOrangeHRM -->
        <test-method signature="VerifyAdminOption()[pri:-1, instance:testPackage.VerifyOrangeTestClass3_Log4j2@1f2586d6]" started-at="2024-03-24T23:06:35 IST" name="VerifyAdminOption" finished-at="2024-03-24T23:06:39 IST" duration-ms="4002" status="PASS">
          <reporter-output>
            <line>
              <![CDATA[Tc is passed]]>
            </line>
          </reporter-output>
        </test-method> <!-- VerifyAdminOption -->
        <test-method is-config="true" signature="logoutOrangeHRM()[pri:0, instance:testPackage.VerifyOrangeTestClass3_Log4j2@1f2586d6]" started-at="2024-03-24T23:06:39 IST" name="logoutOrangeHRM" finished-at="2024-03-24T23:06:44 IST" duration-ms="5222" status="PASS">
          <reporter-output>
          </reporter-output>
        </test-method> <!-- logoutOrangeHRM -->
        <test-method is-config="true" signature="LoginOrangeHRM()[pri:0, instance:testPackage.VerifyOrangeTestClass3_Log4j2@1f2586d6]" started-at="2024-03-24T23:06:44 IST" name="LoginOrangeHRM" finished-at="2024-03-24T23:06:54 IST" duration-ms="9505" status="PASS">
          <reporter-output>
          </reporter-output>
        </test-method> <!-- LoginOrangeHRM -->
        <test-method signature="VerifyAccountOptionDropDown()[pri:1, instance:testPackage.VerifyOrangeTestClass3_Log4j2@1f2586d6]" started-at="2024-03-24T23:06:54 IST" name="VerifyAccountOptionDropDown" finished-at="2024-03-24T23:07:00 IST" duration-ms="6230" status="PASS">
          <reporter-output>
            <line>
              <![CDATA[Tc is passed]]>
            </line>
          </reporter-output>
        </test-method> <!-- VerifyAccountOptionDropDown -->
        <test-method is-config="true" signature="logoutOrangeHRM()[pri:0, instance:testPackage.VerifyOrangeTestClass3_Log4j2@1f2586d6]" started-at="2024-03-24T23:07:00 IST" name="logoutOrangeHRM" finished-at="2024-03-24T23:07:05 IST" duration-ms="5121" status="PASS">
          <reporter-output>
          </reporter-output>
        </test-method> <!-- logoutOrangeHRM -->
        <test-method is-config="true" signature="LoginOrangeHRM()[pri:0, instance:testPackage.VerifyOrangeTestClass3_Log4j2@1f2586d6]" started-at="2024-03-24T23:07:05 IST" name="LoginOrangeHRM" finished-at="2024-03-24T23:07:15 IST" duration-ms="9520" status="PASS">
          <reporter-output>
          </reporter-output>
        </test-method> <!-- LoginOrangeHRM -->
        <test-method signature="verifyEmployeeTableDATA()[pri:2, instance:testPackage.VerifyOrangeTestClass3_Log4j2@1f2586d6]" started-at="2024-03-24T23:07:15 IST" name="verifyEmployeeTableDATA" finished-at="2024-03-24T23:07:23 IST" duration-ms="7985" status="PASS">
          <reporter-output>
            <line>
              <![CDATA[Tc is passed]]>
            </line>
          </reporter-output>
        </test-method> <!-- verifyEmployeeTableDATA -->
        <test-method is-config="true" signature="logoutOrangeHRM()[pri:0, instance:testPackage.VerifyOrangeTestClass3_Log4j2@1f2586d6]" started-at="2024-03-24T23:07:23 IST" name="logoutOrangeHRM" finished-at="2024-03-24T23:07:29 IST" duration-ms="5342" status="PASS">
          <reporter-output>
          </reporter-output>
        </test-method> <!-- logoutOrangeHRM -->
        <test-method is-config="true" signature="cleanObjects()[pri:0, instance:testPackage.VerifyOrangeTestClass3_Log4j2@1f2586d6]" started-at="2024-03-24T23:07:29 IST" name="cleanObjects" finished-at="2024-03-24T23:07:29 IST" duration-ms="0" status="PASS">
          <reporter-output>
          </reporter-output>
        </test-method> <!-- cleanObjects -->
        <test-method is-config="true" signature="closedBrowser()[pri:0, instance:testPackage.VerifyOrangeTestClass3_Log4j2@1f2586d6]" started-at="2024-03-24T23:07:29 IST" name="closedBrowser" finished-at="2024-03-24T23:07:29 IST" duration-ms="238" status="PASS">
          <reporter-output>
          </reporter-output>
        </test-method> <!-- closedBrowser -->
      </class> <!-- testPackage.VerifyOrangeTestClass3_Log4j2 -->
    </test> <!-- TestChrome4 -->
  </suite> <!-- SuiteOrange -->
</testng-results>
