<?xml version="1.0" encoding="UTF-8"?>
<testng-results ignored="0" total="4" passed="4" failed="0" skipped="0">
  <reporter-output>
  </reporter-output>
  <suite started-at="2024-05-14T13:00:59 IST" name="SuiteOrange" finished-at="2024-05-14T13:01:27 IST" duration-ms="27852">
    <groups>
    </groups>
    <test started-at="2024-05-14T13:00:59 IST" name="TestChrome2" finished-at="2024-05-14T13:01:27 IST" duration-ms="27852">
      <class name="testPackage.LoginTestClass">
        <test-method is-config="true" signature="launchBrowser(java.lang.String)[pri:0, instance:testPackage.LoginTestClass@752325ad]" started-at="2024-05-14T13:01:00 IST" name="launchBrowser" finished-at="2024-05-14T13:01:02 IST" duration-ms="1971" status="PASS">
          <params>
            <param index="0">
              <value>
                <![CDATA[Chrome]]>
              </value>
            </param>
          </params>
          <reporter-output>
          </reporter-output>
        </test-method> <!-- launchBrowser -->
        <test-method is-config="true" signature="launchOrangeHRMApplication()[pri:0, instance:testPackage.LoginTestClass@752325ad]" started-at="2024-05-14T13:01:02 IST" name="launchOrangeHRMApplication" finished-at="2024-05-14T13:01:10 IST" duration-ms="8153" status="PASS">
          <reporter-output>
          </reporter-output>
        </test-method> <!-- launchOrangeHRMApplication -->
        <test-method signature="loginTest(java.lang.String,java.lang.String,java.lang.String)[pri:0, instance:testPackage.LoginTestClass@752325ad]" started-at="2024-05-14T13:01:11 IST" name="loginTest" data-provider="LoginData" finished-at="2024-05-14T13:01:18 IST" duration-ms="6550" status="PASS">
          <params>
            <param index="0">
              <value>
                <![CDATA[Admin]]>
              </value>
            </param>
            <param index="1">
              <value>
                <![CDATA[admin123]]>
              </value>
            </param>
            <param index="2">
              <value>
                <![CDATA[Valid]]>
              </value>
            </param>
          </params>
          <reporter-output>
          </reporter-output>
        </test-method> <!-- loginTest -->
        <test-method signature="loginTest(java.lang.String,java.lang.String,java.lang.String)[pri:0, instance:testPackage.LoginTestClass@752325ad]" started-at="2024-05-14T13:01:18 IST" name="loginTest" data-provider="LoginData" finished-at="2024-05-14T13:01:22 IST" duration-ms="3726" status="PASS">
          <params>
            <param index="0">
              <value>
                <![CDATA[admin]]>
              </value>
            </param>
            <param index="1">
              <value>
                <![CDATA[admin124]]>
              </value>
            </param>
            <param index="2">
              <value>
                <![CDATA[Invalid]]>
              </value>
            </param>
          </params>
          <reporter-output>
          </reporter-output>
        </test-method> <!-- loginTest -->
        <test-method signature="loginTest(java.lang.String,java.lang.String,java.lang.String)[pri:0, instance:testPackage.LoginTestClass@752325ad]" started-at="2024-05-14T13:01:22 IST" name="loginTest" data-provider="LoginData" finished-at="2024-05-14T13:01:24 IST" duration-ms="2288" status="PASS">
          <params>
            <param index="0">
              <value>
                <![CDATA[Admin1]]>
              </value>
            </param>
            <param index="1">
              <value>
                <![CDATA[Admin127]]>
              </value>
            </param>
            <param index="2">
              <value>
                <![CDATA[Invalid]]>
              </value>
            </param>
          </params>
          <reporter-output>
          </reporter-output>
        </test-method> <!-- loginTest -->
        <test-method signature="loginTest(java.lang.String,java.lang.String,java.lang.String)[pri:0, instance:testPackage.LoginTestClass@752325ad]" started-at="2024-05-14T13:01:25 IST" name="loginTest" data-provider="LoginData" finished-at="2024-05-14T13:01:27 IST" duration-ms="2339" status="PASS">
          <params>
            <param index="0">
              <value>
                <![CDATA[admin]]>
              </value>
            </param>
            <param index="1">
              <value>
                <![CDATA[Admin23]]>
              </value>
            </param>
            <param index="2">
              <value>
                <![CDATA[Invalid]]>
              </value>
            </param>
          </params>
          <reporter-output>
          </reporter-output>
        </test-method> <!-- loginTest -->
        <test-method is-config="true" signature="cleanObjects()[pri:0, instance:testPackage.LoginTestClass@752325ad]" started-at="2024-05-14T13:01:27 IST" name="cleanObjects" finished-at="2024-05-14T13:01:27 IST" duration-ms="1" status="PASS">
          <reporter-output>
          </reporter-output>
        </test-method> <!-- cleanObjects -->
        <test-method is-config="true" signature="closedBrowser()[pri:0, instance:testPackage.LoginTestClass@752325ad]" started-at="2024-05-14T13:01:27 IST" name="closedBrowser" finished-at="2024-05-14T13:01:27 IST" duration-ms="261" status="PASS">
          <reporter-output>
          </reporter-output>
        </test-method> <!-- closedBrowser -->
      </class> <!-- testPackage.LoginTestClass -->
    </test> <!-- TestChrome2 -->
  </suite> <!-- SuiteOrange -->
</testng-results>
