<?xml version="1.0" encoding="UTF-8"?>
<testng-results ignored="0" total="7" passed="7" failed="0" skipped="0">
  <reporter-output>
  </reporter-output>
  <suite started-at="2024-01-26T23:03:52 IST" name="SuiteOrange" finished-at="2024-01-26T23:05:59 IST" duration-ms="127330">
    <groups>
    </groups>
    <test started-at="2024-01-26T23:03:52 IST" name="TestChrome1" finished-at="2024-01-26T23:05:25 IST" duration-ms="93257">
      <class name="testPackage.VerifyOrangeTestClass1">
        <test-method is-config="true" signature="launchBrowser(java.lang.String)[pri:0, instance:testPackage.VerifyOrangeTestClass1@14cd1699]" started-at="2024-01-26T23:03:52 IST" name="launchBrowser" finished-at="2024-01-26T23:03:54 IST" duration-ms="1403" status="PASS">
          <params>
            <param index="0">
              <value>
                <![CDATA[Chrome]]>
              </value>
            </param>
          </params>
          <reporter-output>
          </reporter-output>
        </test-method> <!-- launchBrowser -->
        <test-method is-config="true" signature="launchOrangeHRMApplication()[pri:0, instance:testPackage.VerifyOrangeTestClass1@14cd1699]" started-at="2024-01-26T23:03:54 IST" name="launchOrangeHRMApplication" finished-at="2024-01-26T23:04:08 IST" duration-ms="14259" status="PASS">
          <reporter-output>
          </reporter-output>
        </test-method> <!-- launchOrangeHRMApplication -->
        <test-method is-config="true" signature="LoginOrangeHRM()[pri:0, instance:testPackage.VerifyOrangeTestClass1@14cd1699]" started-at="2024-01-26T23:04:08 IST" name="LoginOrangeHRM" finished-at="2024-01-26T23:04:18 IST" duration-ms="10279" status="PASS">
          <reporter-output>
          </reporter-output>
        </test-method> <!-- LoginOrangeHRM -->
        <test-method signature="verifyAdminOption()[pri:-1, instance:testPackage.VerifyOrangeTestClass1@14cd1699]" started-at="2024-01-26T23:04:18 IST" name="verifyAdminOption" finished-at="2024-01-26T23:04:31 IST" duration-ms="12909" status="PASS">
          <reporter-output>
          </reporter-output>
        </test-method> <!-- verifyAdminOption -->
        <test-method is-config="true" signature="logoutOrangeHRM()[pri:0, instance:testPackage.VerifyOrangeTestClass1@14cd1699]" started-at="2024-01-26T23:04:31 IST" name="logoutOrangeHRM" finished-at="2024-01-26T23:04:36 IST" duration-ms="5079" status="PASS">
          <reporter-output>
          </reporter-output>
        </test-method> <!-- logoutOrangeHRM -->
        <test-method is-config="true" signature="LoginOrangeHRM()[pri:0, instance:testPackage.VerifyOrangeTestClass1@14cd1699]" started-at="2024-01-26T23:04:36 IST" name="LoginOrangeHRM" finished-at="2024-01-26T23:04:46 IST" duration-ms="9316" status="PASS">
          <reporter-output>
          </reporter-output>
        </test-method> <!-- LoginOrangeHRM -->
        <test-method signature="verifyAboutOption()[pri:1, instance:testPackage.VerifyOrangeTestClass1@14cd1699]" started-at="2024-01-26T23:04:46 IST" name="verifyAboutOption" finished-at="2024-01-26T23:04:53 IST" duration-ms="7433" status="PASS">
          <reporter-output>
          </reporter-output>
        </test-method> <!-- verifyAboutOption -->
        <test-method is-config="true" signature="logoutOrangeHRM()[pri:0, instance:testPackage.VerifyOrangeTestClass1@14cd1699]" started-at="2024-01-26T23:04:53 IST" name="logoutOrangeHRM" finished-at="2024-01-26T23:04:58 IST" duration-ms="4850" status="PASS">
          <reporter-output>
          </reporter-output>
        </test-method> <!-- logoutOrangeHRM -->
        <test-method is-config="true" signature="LoginOrangeHRM()[pri:0, instance:testPackage.VerifyOrangeTestClass1@14cd1699]" started-at="2024-01-26T23:04:58 IST" name="LoginOrangeHRM" finished-at="2024-01-26T23:05:07 IST" duration-ms="9381" status="PASS">
          <reporter-output>
          </reporter-output>
        </test-method> <!-- LoginOrangeHRM -->
        <test-method signature="verifyEmployeeTableData()[pri:2, instance:testPackage.VerifyOrangeTestClass1@14cd1699]" started-at="2024-01-26T23:05:07 IST" name="verifyEmployeeTableData" finished-at="2024-01-26T23:05:20 IST" depends-on-methods="testPackage.VerifyOrangeTestClass1.verifyAboutOption" duration-ms="12188" status="PASS">
          <reporter-output>
          </reporter-output>
        </test-method> <!-- verifyEmployeeTableData -->
        <test-method is-config="true" signature="logoutOrangeHRM()[pri:0, instance:testPackage.VerifyOrangeTestClass1@14cd1699]" started-at="2024-01-26T23:05:20 IST" name="logoutOrangeHRM" finished-at="2024-01-26T23:05:25 IST" duration-ms="5278" status="PASS">
          <reporter-output>
          </reporter-output>
        </test-method> <!-- logoutOrangeHRM -->
        <test-method is-config="true" signature="closedBrowser()[pri:0, instance:testPackage.VerifyOrangeTestClass1@14cd1699]" started-at="2024-01-26T23:05:25 IST" name="closedBrowser" finished-at="2024-01-26T23:05:25 IST" duration-ms="158" status="PASS">
          <reporter-output>
          </reporter-output>
        </test-method> <!-- closedBrowser -->
        <test-method is-config="true" signature="cleanObjects()[pri:0, instance:testPackage.VerifyOrangeTestClass1@14cd1699]" started-at="2024-01-26T23:05:25 IST" name="cleanObjects" finished-at="2024-01-26T23:05:25 IST" duration-ms="0" status="PASS">
          <reporter-output>
          </reporter-output>
        </test-method> <!-- cleanObjects -->
      </class> <!-- testPackage.VerifyOrangeTestClass1 -->
    </test> <!-- TestChrome1 -->
    <test started-at="2024-01-26T23:05:26 IST" name="TestChrome2" finished-at="2024-01-26T23:05:59 IST" duration-ms="33589">
      <class name="testPackage.LoginTestClass">
        <test-method is-config="true" signature="launchBrowser(java.lang.String)[pri:0, instance:testPackage.LoginTestClass@3c9754d8]" started-at="2024-01-26T23:05:26 IST" name="launchBrowser" finished-at="2024-01-26T23:05:27 IST" duration-ms="936" status="PASS">
          <params>
            <param index="0">
              <value>
                <![CDATA[Chrome]]>
              </value>
            </param>
          </params>
          <reporter-output>
          </reporter-output>
        </test-method> <!-- launchBrowser -->
        <test-method is-config="true" signature="launchOrangeHRMApplication()[pri:0, instance:testPackage.LoginTestClass@3c9754d8]" started-at="2024-01-26T23:05:27 IST" name="launchOrangeHRMApplication" finished-at="2024-01-26T23:05:42 IST" duration-ms="14984" status="PASS">
          <reporter-output>
          </reporter-output>
        </test-method> <!-- launchOrangeHRMApplication -->
        <test-method signature="loginTest(java.lang.String,java.lang.String,java.lang.String)[pri:0, instance:testPackage.LoginTestClass@3c9754d8]" started-at="2024-01-26T23:05:43 IST" name="loginTest" data-provider="LoginData" finished-at="2024-01-26T23:05:50 IST" duration-ms="6933" status="PASS">
          <params>
            <param index="0">
              <value>
                <![CDATA[Admin]]>
              </value>
            </param>
            <param index="1">
              <value>
                <![CDATA[admin123]]>
              </value>
            </param>
            <param index="2">
              <value>
                <![CDATA[Valid]]>
              </value>
            </param>
          </params>
          <reporter-output>
          </reporter-output>
        </test-method> <!-- loginTest -->
        <test-method signature="loginTest(java.lang.String,java.lang.String,java.lang.String)[pri:0, instance:testPackage.LoginTestClass@3c9754d8]" started-at="2024-01-26T23:05:50 IST" name="loginTest" data-provider="LoginData" finished-at="2024-01-26T23:05:53 IST" duration-ms="2860" status="PASS">
          <params>
            <param index="0">
              <value>
                <![CDATA[admin]]>
              </value>
            </param>
            <param index="1">
              <value>
                <![CDATA[admin124]]>
              </value>
            </param>
            <param index="2">
              <value>
                <![CDATA[Invalid]]>
              </value>
            </param>
          </params>
          <reporter-output>
          </reporter-output>
        </test-method> <!-- loginTest -->
        <test-method signature="loginTest(java.lang.String,java.lang.String,java.lang.String)[pri:0, instance:testPackage.LoginTestClass@3c9754d8]" started-at="2024-01-26T23:05:53 IST" name="loginTest" data-provider="LoginData" finished-at="2024-01-26T23:05:56 IST" duration-ms="3070" status="PASS">
          <params>
            <param index="0">
              <value>
                <![CDATA[Admin1]]>
              </value>
            </param>
            <param index="1">
              <value>
                <![CDATA[Admin127]]>
              </value>
            </param>
            <param index="2">
              <value>
                <![CDATA[Invalid]]>
              </value>
            </param>
          </params>
          <reporter-output>
          </reporter-output>
        </test-method> <!-- loginTest -->
        <test-method signature="loginTest(java.lang.String,java.lang.String,java.lang.String)[pri:0, instance:testPackage.LoginTestClass@3c9754d8]" started-at="2024-01-26T23:05:56 IST" name="loginTest" data-provider="LoginData" finished-at="2024-01-26T23:05:59 IST" duration-ms="3029" status="PASS">
          <params>
            <param index="0">
              <value>
                <![CDATA[admin]]>
              </value>
            </param>
            <param index="1">
              <value>
                <![CDATA[Admin23]]>
              </value>
            </param>
            <param index="2">
              <value>
                <![CDATA[Invalid]]>
              </value>
            </param>
          </params>
          <reporter-output>
          </reporter-output>
        </test-method> <!-- loginTest -->
        <test-method is-config="true" signature="cleanObjects()[pri:0, instance:testPackage.LoginTestClass@3c9754d8]" started-at="2024-01-26T23:05:59 IST" name="cleanObjects" finished-at="2024-01-26T23:05:59 IST" duration-ms="0" status="PASS">
          <reporter-output>
          </reporter-output>
        </test-method> <!-- cleanObjects -->
        <test-method is-config="true" signature="closedBrowser()[pri:0, instance:testPackage.LoginTestClass@3c9754d8]" started-at="2024-01-26T23:05:59 IST" name="closedBrowser" finished-at="2024-01-26T23:05:59 IST" duration-ms="136" status="PASS">
          <reporter-output>
          </reporter-output>
        </test-method> <!-- closedBrowser -->
      </class> <!-- testPackage.LoginTestClass -->
    </test> <!-- TestChrome2 -->
  </suite> <!-- SuiteOrange -->
</testng-results>
