<?xml version="1.0" encoding="UTF-8"?>
<testng-results ignored="0" total="4" passed="4" failed="0" skipped="0">
  <reporter-output>
  </reporter-output>
  <suite started-at="2024-01-27T15:35:57 IST" name="SuiteOrange" finished-at="2024-01-27T15:36:25 IST" duration-ms="28008">
    <groups>
    </groups>
    <test started-at="2024-01-27T15:35:57 IST" name="TestChrome2" finished-at="2024-01-27T15:36:25 IST" duration-ms="28008">
      <class name="testPackage.LoginTestClass">
        <test-method is-config="true" signature="launchBrowser(java.lang.String)[pri:0, instance:testPackage.LoginTestClass@443118b0]" started-at="2024-01-27T15:35:57 IST" name="launchBrowser" finished-at="2024-01-27T15:35:59 IST" duration-ms="1922" status="PASS">
          <params>
            <param index="0">
              <value>
                <![CDATA[Chrome]]>
              </value>
            </param>
          </params>
          <reporter-output>
          </reporter-output>
        </test-method> <!-- launchBrowser -->
        <test-method is-config="true" signature="launchOrangeHRMApplication()[pri:0, instance:testPackage.LoginTestClass@443118b0]" started-at="2024-01-27T15:35:59 IST" name="launchOrangeHRMApplication" finished-at="2024-01-27T15:36:09 IST" duration-ms="9876" status="PASS">
          <reporter-output>
          </reporter-output>
        </test-method> <!-- launchOrangeHRMApplication -->
        <test-method signature="loginTest(java.lang.String,java.lang.String,java.lang.String)[pri:0, instance:testPackage.LoginTestClass@443118b0]" started-at="2024-01-27T15:36:10 IST" name="loginTest" data-provider="LoginData" finished-at="2024-01-27T15:36:18 IST" duration-ms="7446" status="PASS">
          <params>
            <param index="0">
              <value>
                <![CDATA[Admin]]>
              </value>
            </param>
            <param index="1">
              <value>
                <![CDATA[admin123]]>
              </value>
            </param>
            <param index="2">
              <value>
                <![CDATA[Valid]]>
              </value>
            </param>
          </params>
          <reporter-output>
          </reporter-output>
        </test-method> <!-- loginTest -->
        <test-method signature="loginTest(java.lang.String,java.lang.String,java.lang.String)[pri:0, instance:testPackage.LoginTestClass@443118b0]" started-at="2024-01-27T15:36:18 IST" name="loginTest" data-provider="LoginData" finished-at="2024-01-27T15:36:20 IST" duration-ms="2337" status="PASS">
          <params>
            <param index="0">
              <value>
                <![CDATA[admin]]>
              </value>
            </param>
            <param index="1">
              <value>
                <![CDATA[admin124]]>
              </value>
            </param>
            <param index="2">
              <value>
                <![CDATA[Invalid]]>
              </value>
            </param>
          </params>
          <reporter-output>
          </reporter-output>
        </test-method> <!-- loginTest -->
        <test-method signature="loginTest(java.lang.String,java.lang.String,java.lang.String)[pri:0, instance:testPackage.LoginTestClass@443118b0]" started-at="2024-01-27T15:36:20 IST" name="loginTest" data-provider="LoginData" finished-at="2024-01-27T15:36:23 IST" duration-ms="2233" status="PASS">
          <params>
            <param index="0">
              <value>
                <![CDATA[Admin1]]>
              </value>
            </param>
            <param index="1">
              <value>
                <![CDATA[Admin127]]>
              </value>
            </param>
            <param index="2">
              <value>
                <![CDATA[Invalid]]>
              </value>
            </param>
          </params>
          <reporter-output>
          </reporter-output>
        </test-method> <!-- loginTest -->
        <test-method signature="loginTest(java.lang.String,java.lang.String,java.lang.String)[pri:0, instance:testPackage.LoginTestClass@443118b0]" started-at="2024-01-27T15:36:23 IST" name="loginTest" data-provider="LoginData" finished-at="2024-01-27T15:36:25 IST" duration-ms="2172" status="PASS">
          <params>
            <param index="0">
              <value>
                <![CDATA[admin]]>
              </value>
            </param>
            <param index="1">
              <value>
                <![CDATA[Admin23]]>
              </value>
            </param>
            <param index="2">
              <value>
                <![CDATA[Invalid]]>
              </value>
            </param>
          </params>
          <reporter-output>
          </reporter-output>
        </test-method> <!-- loginTest -->
        <test-method is-config="true" signature="cleanObjects()[pri:0, instance:testPackage.LoginTestClass@443118b0]" started-at="2024-01-27T15:36:25 IST" name="cleanObjects" finished-at="2024-01-27T15:36:25 IST" duration-ms="0" status="PASS">
          <reporter-output>
          </reporter-output>
        </test-method> <!-- cleanObjects -->
        <test-method is-config="true" signature="closedBrowser()[pri:0, instance:testPackage.LoginTestClass@443118b0]" started-at="2024-01-27T15:36:25 IST" name="closedBrowser" finished-at="2024-01-27T15:36:25 IST" duration-ms="121" status="PASS">
          <reporter-output>
          </reporter-output>
        </test-method> <!-- closedBrowser -->
      </class> <!-- testPackage.LoginTestClass -->
    </test> <!-- TestChrome2 -->
  </suite> <!-- SuiteOrange -->
</testng-results>
