<?xml version="1.0" encoding="UTF-8"?>
<testng-results ignored="0" total="3" passed="3" failed="0" skipped="0">
  <reporter-output>
  </reporter-output>
  <suite started-at="2024-05-29T18:46:22 IST" name="SuiteOrange" finished-at="2024-05-29T18:47:42 IST" duration-ms="80727">
    <groups>
    </groups>
    <test started-at="2024-05-29T18:46:22 IST" name="TestChrome1" finished-at="2024-05-29T18:47:42 IST" duration-ms="80727">
      <class name="testPackage.VerifyOrangeTestClass2_Log4j">
        <test-method is-config="true" signature="launchBrowser(java.lang.String)[pri:0, instance:testPackage.VerifyOrangeTestClass2_Log4j@40005471]" started-at="2024-05-29T18:46:22 IST" name="launchBrowser" finished-at="2024-05-29T18:46:24 IST" duration-ms="2259" status="PASS">
          <params>
            <param index="0">
              <value>
                <![CDATA[Chrome]]>
              </value>
            </param>
          </params>
          <reporter-output>
          </reporter-output>
        </test-method> <!-- launchBrowser -->
        <test-method is-config="true" signature="launchOrangeHRMApplication()[pri:0, instance:testPackage.VerifyOrangeTestClass2_Log4j@40005471]" started-at="2024-05-29T18:46:24 IST" name="launchOrangeHRMApplication" finished-at="2024-05-29T18:46:36 IST" duration-ms="11444" status="PASS">
          <reporter-output>
          </reporter-output>
        </test-method> <!-- launchOrangeHRMApplication -->
        <test-method is-config="true" signature="LoginOrangeHRM()[pri:0, instance:testPackage.VerifyOrangeTestClass2_Log4j@40005471]" started-at="2024-05-29T18:46:36 IST" name="LoginOrangeHRM" finished-at="2024-05-29T18:46:46 IST" duration-ms="10579" status="PASS">
          <reporter-output>
          </reporter-output>
        </test-method> <!-- LoginOrangeHRM -->
        <test-method signature="verifyAdminOption()[pri:-1, instance:testPackage.VerifyOrangeTestClass2_Log4j@40005471]" started-at="2024-05-29T18:46:46 IST" name="verifyAdminOption" finished-at="2024-05-29T18:46:50 IST" duration-ms="4071" status="PASS">
          <reporter-output>
          </reporter-output>
        </test-method> <!-- verifyAdminOption -->
        <test-method is-config="true" signature="logoutOrangeHRM()[pri:0, instance:testPackage.VerifyOrangeTestClass2_Log4j@40005471]" started-at="2024-05-29T18:46:51 IST" name="logoutOrangeHRM" finished-at="2024-05-29T18:46:56 IST" duration-ms="5500" status="PASS">
          <reporter-output>
          </reporter-output>
        </test-method> <!-- logoutOrangeHRM -->
        <test-method is-config="true" signature="LoginOrangeHRM()[pri:0, instance:testPackage.VerifyOrangeTestClass2_Log4j@40005471]" started-at="2024-05-29T18:46:56 IST" name="LoginOrangeHRM" finished-at="2024-05-29T18:47:06 IST" duration-ms="9620" status="PASS">
          <reporter-output>
          </reporter-output>
        </test-method> <!-- LoginOrangeHRM -->
        <test-method signature="verifyAboutOption()[pri:1, instance:testPackage.VerifyOrangeTestClass2_Log4j@40005471]" started-at="2024-05-29T18:47:06 IST" name="verifyAboutOption" finished-at="2024-05-29T18:47:13 IST" duration-ms="7713" status="PASS">
          <reporter-output>
          </reporter-output>
        </test-method> <!-- verifyAboutOption -->
        <test-method is-config="true" signature="logoutOrangeHRM()[pri:0, instance:testPackage.VerifyOrangeTestClass2_Log4j@40005471]" started-at="2024-05-29T18:47:14 IST" name="logoutOrangeHRM" finished-at="2024-05-29T18:47:19 IST" duration-ms="5184" status="PASS">
          <reporter-output>
          </reporter-output>
        </test-method> <!-- logoutOrangeHRM -->
        <test-method is-config="true" signature="LoginOrangeHRM()[pri:0, instance:testPackage.VerifyOrangeTestClass2_Log4j@40005471]" started-at="2024-05-29T18:47:19 IST" name="LoginOrangeHRM" finished-at="2024-05-29T18:47:30 IST" duration-ms="11413" status="PASS">
          <reporter-output>
          </reporter-output>
        </test-method> <!-- LoginOrangeHRM -->
        <test-method signature="verifyEmployeeTableData()[pri:2, instance:testPackage.VerifyOrangeTestClass2_Log4j@40005471]" started-at="2024-05-29T18:47:30 IST" name="verifyEmployeeTableData" finished-at="2024-05-29T18:47:36 IST" depends-on-methods="testPackage.VerifyOrangeTestClass2_Log4j.verifyAboutOption" duration-ms="6161" status="PASS">
          <reporter-output>
          </reporter-output>
        </test-method> <!-- verifyEmployeeTableData -->
        <test-method is-config="true" signature="logoutOrangeHRM()[pri:0, instance:testPackage.VerifyOrangeTestClass2_Log4j@40005471]" started-at="2024-05-29T18:47:37 IST" name="logoutOrangeHRM" finished-at="2024-05-29T18:47:42 IST" duration-ms="5487" status="PASS">
          <reporter-output>
          </reporter-output>
        </test-method> <!-- logoutOrangeHRM -->
        <test-method is-config="true" signature="closedBrowser()[pri:0, instance:testPackage.VerifyOrangeTestClass2_Log4j@40005471]" started-at="2024-05-29T18:47:42 IST" name="closedBrowser" finished-at="2024-05-29T18:47:42 IST" duration-ms="288" status="PASS">
          <reporter-output>
          </reporter-output>
        </test-method> <!-- closedBrowser -->
        <test-method is-config="true" signature="cleanObjects()[pri:0, instance:testPackage.VerifyOrangeTestClass2_Log4j@40005471]" started-at="2024-05-29T18:47:42 IST" name="cleanObjects" finished-at="2024-05-29T18:47:42 IST" duration-ms="0" status="PASS">
          <reporter-output>
          </reporter-output>
        </test-method> <!-- cleanObjects -->
      </class> <!-- testPackage.VerifyOrangeTestClass2_Log4j -->
    </test> <!-- TestChrome1 -->
  </suite> <!-- SuiteOrange -->
</testng-results>
