<?xml version="1.0" encoding="UTF-8"?>
<testng-results ignored="0" total="3" passed="3" failed="0" skipped="0">
  <reporter-output>
    <line>
      <![CDATA[Tc is passed]]>
    </line>
    <line>
      <![CDATA[Tc is passed]]>
    </line>
    <line>
      <![CDATA[Tc is passed]]>
    </line>
  </reporter-output>
  <suite started-at="2024-02-15T00:38:11 IST" name="SuiteOrange" finished-at="2024-02-15T00:43:21 IST" duration-ms="310254">
    <groups>
    </groups>
    <test started-at="2024-02-15T00:38:11 IST" name="TestChrome4" finished-at="2024-02-15T00:43:21 IST" duration-ms="310254">
      <class name="testPackage.VerifyOrangeTestClass3_Log4j2">
        <test-method is-config="true" signature="launchBrowser(java.lang.String)[pri:0, instance:testPackage.VerifyOrangeTestClass3_Log4j2@1d296da]" started-at="2024-02-15T00:38:11 IST" name="launchBrowser" finished-at="2024-02-15T00:38:13 IST" duration-ms="1647" status="PASS">
          <params>
            <param index="0">
              <value>
                <![CDATA[Chrome]]>
              </value>
            </param>
          </params>
          <reporter-output>
          </reporter-output>
        </test-method> <!-- launchBrowser -->
        <test-method is-config="true" signature="launchOrangeHRMApplication()[pri:0, instance:testPackage.VerifyOrangeTestClass3_Log4j2@1d296da]" started-at="2024-02-15T00:38:13 IST" name="launchOrangeHRMApplication" finished-at="2024-02-15T00:42:04 IST" duration-ms="230966" status="PASS">
          <reporter-output>
          </reporter-output>
        </test-method> <!-- launchOrangeHRMApplication -->
        <test-method is-config="true" signature="LoginOrangeHRM()[pri:0, instance:testPackage.VerifyOrangeTestClass3_Log4j2@1d296da]" started-at="2024-02-15T00:42:04 IST" name="LoginOrangeHRM" finished-at="2024-02-15T00:42:24 IST" duration-ms="20917" status="PASS">
          <reporter-output>
          </reporter-output>
        </test-method> <!-- LoginOrangeHRM -->
        <test-method signature="VerifyAdminOption()[pri:-1, instance:testPackage.VerifyOrangeTestClass3_Log4j2@1d296da]" started-at="2024-02-15T00:42:24 IST" name="VerifyAdminOption" finished-at="2024-02-15T00:42:29 IST" duration-ms="4948" status="PASS">
          <reporter-output>
            <line>
              <![CDATA[Tc is passed]]>
            </line>
          </reporter-output>
        </test-method> <!-- VerifyAdminOption -->
        <test-method is-config="true" signature="logoutOrangeHRM()[pri:0, instance:testPackage.VerifyOrangeTestClass3_Log4j2@1d296da]" started-at="2024-02-15T00:42:30 IST" name="logoutOrangeHRM" finished-at="2024-02-15T00:42:35 IST" duration-ms="5026" status="PASS">
          <reporter-output>
          </reporter-output>
        </test-method> <!-- logoutOrangeHRM -->
        <test-method is-config="true" signature="LoginOrangeHRM()[pri:0, instance:testPackage.VerifyOrangeTestClass3_Log4j2@1d296da]" started-at="2024-02-15T00:42:35 IST" name="LoginOrangeHRM" finished-at="2024-02-15T00:42:44 IST" duration-ms="9546" status="PASS">
          <reporter-output>
          </reporter-output>
        </test-method> <!-- LoginOrangeHRM -->
        <test-method signature="VerifyAccountOptionDropDown()[pri:1, instance:testPackage.VerifyOrangeTestClass3_Log4j2@1d296da]" started-at="2024-02-15T00:42:44 IST" name="VerifyAccountOptionDropDown" finished-at="2024-02-15T00:42:50 IST" duration-ms="5885" status="PASS">
          <reporter-output>
            <line>
              <![CDATA[Tc is passed]]>
            </line>
          </reporter-output>
        </test-method> <!-- VerifyAccountOptionDropDown -->
        <test-method is-config="true" signature="logoutOrangeHRM()[pri:0, instance:testPackage.VerifyOrangeTestClass3_Log4j2@1d296da]" started-at="2024-02-15T00:42:50 IST" name="logoutOrangeHRM" finished-at="2024-02-15T00:42:56 IST" duration-ms="5919" status="PASS">
          <reporter-output>
          </reporter-output>
        </test-method> <!-- logoutOrangeHRM -->
        <test-method is-config="true" signature="LoginOrangeHRM()[pri:0, instance:testPackage.VerifyOrangeTestClass3_Log4j2@1d296da]" started-at="2024-02-15T00:42:56 IST" name="LoginOrangeHRM" finished-at="2024-02-15T00:43:06 IST" duration-ms="9517" status="PASS">
          <reporter-output>
          </reporter-output>
        </test-method> <!-- LoginOrangeHRM -->
        <test-method signature="verifyEmployeeTableDATA()[pri:2, instance:testPackage.VerifyOrangeTestClass3_Log4j2@1d296da]" started-at="2024-02-15T00:43:06 IST" name="verifyEmployeeTableDATA" finished-at="2024-02-15T00:43:15 IST" duration-ms="9315" status="PASS">
          <reporter-output>
            <line>
              <![CDATA[Tc is passed]]>
            </line>
          </reporter-output>
        </test-method> <!-- verifyEmployeeTableDATA -->
        <test-method is-config="true" signature="logoutOrangeHRM()[pri:0, instance:testPackage.VerifyOrangeTestClass3_Log4j2@1d296da]" started-at="2024-02-15T00:43:15 IST" name="logoutOrangeHRM" finished-at="2024-02-15T00:43:21 IST" duration-ms="5350" status="PASS">
          <reporter-output>
          </reporter-output>
        </test-method> <!-- logoutOrangeHRM -->
        <test-method is-config="true" signature="cleanObjects()[pri:0, instance:testPackage.VerifyOrangeTestClass3_Log4j2@1d296da]" started-at="2024-02-15T00:43:21 IST" name="cleanObjects" finished-at="2024-02-15T00:43:21 IST" duration-ms="0" status="PASS">
          <reporter-output>
          </reporter-output>
        </test-method> <!-- cleanObjects -->
        <test-method is-config="true" signature="closedBrowser()[pri:0, instance:testPackage.VerifyOrangeTestClass3_Log4j2@1d296da]" started-at="2024-02-15T00:43:21 IST" name="closedBrowser" finished-at="2024-02-15T00:43:21 IST" duration-ms="248" status="PASS">
          <reporter-output>
          </reporter-output>
        </test-method> <!-- closedBrowser -->
      </class> <!-- testPackage.VerifyOrangeTestClass3_Log4j2 -->
    </test> <!-- TestChrome4 -->
  </suite> <!-- SuiteOrange -->
</testng-results>
