<?xml version="1.0" encoding="UTF-8"?>
<testng-results ignored="0" total="7" passed="7" failed="0" skipped="0">
  <reporter-output>
  </reporter-output>
  <suite started-at="2024-01-26T17:49:44 IST" name="SuiteOrange" finished-at="2024-01-26T17:51:38 IST" duration-ms="114558">
    <groups>
    </groups>
    <test started-at="2024-01-26T17:49:44 IST" name="TestChrome1" finished-at="2024-01-26T17:51:08 IST" duration-ms="84603">
      <class name="testPackage.VerifyOrangeTestClass1">
        <test-method is-config="true" signature="launchBrowser(java.lang.String)[pri:0, instance:testPackage.VerifyOrangeTestClass1@235834f2]" started-at="2024-01-26T17:49:44 IST" name="launchBrowser" finished-at="2024-01-26T17:49:49 IST" duration-ms="5261" status="PASS">
          <params>
            <param index="0">
              <value>
                <![CDATA[Chrome]]>
              </value>
            </param>
          </params>
          <reporter-output>
          </reporter-output>
        </test-method> <!-- launchBrowser -->
        <test-method is-config="true" signature="launchOrangeHRMApplication()[pri:0, instance:testPackage.VerifyOrangeTestClass1@235834f2]" started-at="2024-01-26T17:49:49 IST" name="launchOrangeHRMApplication" finished-at="2024-01-26T17:49:58 IST" duration-ms="8756" status="PASS">
          <reporter-output>
          </reporter-output>
        </test-method> <!-- launchOrangeHRMApplication -->
        <test-method is-config="true" signature="LoginOrangeHRM()[pri:0, instance:testPackage.VerifyOrangeTestClass1@235834f2]" started-at="2024-01-26T17:49:58 IST" name="LoginOrangeHRM" finished-at="2024-01-26T17:50:09 IST" duration-ms="10907" status="PASS">
          <reporter-output>
          </reporter-output>
        </test-method> <!-- LoginOrangeHRM -->
        <test-method signature="verifyAdminOption()[pri:-1, instance:testPackage.VerifyOrangeTestClass1@235834f2]" started-at="2024-01-26T17:50:09 IST" name="verifyAdminOption" finished-at="2024-01-26T17:50:13 IST" duration-ms="3721" status="PASS">
          <reporter-output>
          </reporter-output>
        </test-method> <!-- verifyAdminOption -->
        <test-method is-config="true" signature="logoutOrangeHRM()[pri:0, instance:testPackage.VerifyOrangeTestClass1@235834f2]" started-at="2024-01-26T17:50:13 IST" name="logoutOrangeHRM" finished-at="2024-01-26T17:50:19 IST" duration-ms="5659" status="PASS">
          <reporter-output>
          </reporter-output>
        </test-method> <!-- logoutOrangeHRM -->
        <test-method is-config="true" signature="LoginOrangeHRM()[pri:0, instance:testPackage.VerifyOrangeTestClass1@235834f2]" started-at="2024-01-26T17:50:19 IST" name="LoginOrangeHRM" finished-at="2024-01-26T17:50:28 IST" duration-ms="9394" status="PASS">
          <reporter-output>
          </reporter-output>
        </test-method> <!-- LoginOrangeHRM -->
        <test-method signature="verifyAboutOption()[pri:1, instance:testPackage.VerifyOrangeTestClass1@235834f2]" started-at="2024-01-26T17:50:28 IST" name="verifyAboutOption" finished-at="2024-01-26T17:50:36 IST" duration-ms="7573" status="PASS">
          <reporter-output>
          </reporter-output>
        </test-method> <!-- verifyAboutOption -->
        <test-method is-config="true" signature="logoutOrangeHRM()[pri:0, instance:testPackage.VerifyOrangeTestClass1@235834f2]" started-at="2024-01-26T17:50:36 IST" name="logoutOrangeHRM" finished-at="2024-01-26T17:50:41 IST" duration-ms="5076" status="PASS">
          <reporter-output>
          </reporter-output>
        </test-method> <!-- logoutOrangeHRM -->
        <test-method is-config="true" signature="LoginOrangeHRM()[pri:0, instance:testPackage.VerifyOrangeTestClass1@235834f2]" started-at="2024-01-26T17:50:41 IST" name="LoginOrangeHRM" finished-at="2024-01-26T17:50:50 IST" duration-ms="9477" status="PASS">
          <reporter-output>
          </reporter-output>
        </test-method> <!-- LoginOrangeHRM -->
        <test-method signature="verifyEmployeeTableData()[pri:2, instance:testPackage.VerifyOrangeTestClass1@235834f2]" started-at="2024-01-26T17:50:50 IST" name="verifyEmployeeTableData" finished-at="2024-01-26T17:51:03 IST" depends-on-methods="testPackage.VerifyOrangeTestClass1.verifyAboutOption" duration-ms="12242" status="PASS">
          <reporter-output>
          </reporter-output>
        </test-method> <!-- verifyEmployeeTableData -->
        <test-method is-config="true" signature="logoutOrangeHRM()[pri:0, instance:testPackage.VerifyOrangeTestClass1@235834f2]" started-at="2024-01-26T17:51:03 IST" name="logoutOrangeHRM" finished-at="2024-01-26T17:51:08 IST" duration-ms="5110" status="PASS">
          <reporter-output>
          </reporter-output>
        </test-method> <!-- logoutOrangeHRM -->
        <test-method is-config="true" signature="cleanObjects()[pri:0, instance:testPackage.VerifyOrangeTestClass1@235834f2]" started-at="2024-01-26T17:51:08 IST" name="cleanObjects" finished-at="2024-01-26T17:51:08 IST" duration-ms="0" status="PASS">
          <reporter-output>
          </reporter-output>
        </test-method> <!-- cleanObjects -->
        <test-method is-config="true" signature="closedBrowser()[pri:0, instance:testPackage.VerifyOrangeTestClass1@235834f2]" started-at="2024-01-26T17:51:08 IST" name="closedBrowser" finished-at="2024-01-26T17:51:08 IST" duration-ms="236" status="PASS">
          <reporter-output>
          </reporter-output>
        </test-method> <!-- closedBrowser -->
      </class> <!-- testPackage.VerifyOrangeTestClass1 -->
    </test> <!-- TestChrome1 -->
    <test started-at="2024-01-26T17:51:09 IST" name="TestChrome2" finished-at="2024-01-26T17:51:38 IST" duration-ms="29500">
      <class name="testPackage.LoginTestClass">
        <test-method is-config="true" signature="launchBrowser(java.lang.String)[pri:0, instance:testPackage.LoginTestClass@3857f613]" started-at="2024-01-26T17:51:09 IST" name="launchBrowser" finished-at="2024-01-26T17:51:09 IST" duration-ms="906" status="PASS">
          <params>
            <param index="0">
              <value>
                <![CDATA[Chrome]]>
              </value>
            </param>
          </params>
          <reporter-output>
          </reporter-output>
        </test-method> <!-- launchBrowser -->
        <test-method is-config="true" signature="launchOrangeHRMApplication()[pri:0, instance:testPackage.LoginTestClass@3857f613]" started-at="2024-01-26T17:51:09 IST" name="launchOrangeHRMApplication" finished-at="2024-01-26T17:51:17 IST" duration-ms="7270" status="PASS">
          <reporter-output>
          </reporter-output>
        </test-method> <!-- launchOrangeHRMApplication -->
        <test-method signature="loginTest(java.lang.String,java.lang.String,java.lang.String)[pri:0, instance:testPackage.LoginTestClass@3857f613]" started-at="2024-01-26T17:51:18 IST" name="loginTest" data-provider="LoginData" finished-at="2024-01-26T17:51:26 IST" duration-ms="7475" status="PASS">
          <params>
            <param index="0">
              <value>
                <![CDATA[Admin]]>
              </value>
            </param>
            <param index="1">
              <value>
                <![CDATA[admin123]]>
              </value>
            </param>
            <param index="2">
              <value>
                <![CDATA[Valid]]>
              </value>
            </param>
          </params>
          <reporter-output>
          </reporter-output>
        </test-method> <!-- loginTest -->
        <test-method signature="loginTest(java.lang.String,java.lang.String,java.lang.String)[pri:0, instance:testPackage.LoginTestClass@3857f613]" started-at="2024-01-26T17:51:26 IST" name="loginTest" data-provider="LoginData" finished-at="2024-01-26T17:51:30 IST" duration-ms="4421" status="PASS">
          <params>
            <param index="0">
              <value>
                <![CDATA[admin]]>
              </value>
            </param>
            <param index="1">
              <value>
                <![CDATA[admin124]]>
              </value>
            </param>
            <param index="2">
              <value>
                <![CDATA[Invalid]]>
              </value>
            </param>
          </params>
          <reporter-output>
          </reporter-output>
        </test-method> <!-- loginTest -->
        <test-method signature="loginTest(java.lang.String,java.lang.String,java.lang.String)[pri:0, instance:testPackage.LoginTestClass@3857f613]" started-at="2024-01-26T17:51:31 IST" name="loginTest" data-provider="LoginData" finished-at="2024-01-26T17:51:34 IST" duration-ms="3488" status="PASS">
          <params>
            <param index="0">
              <value>
                <![CDATA[Admin1]]>
              </value>
            </param>
            <param index="1">
              <value>
                <![CDATA[Admin127]]>
              </value>
            </param>
            <param index="2">
              <value>
                <![CDATA[Invalid]]>
              </value>
            </param>
          </params>
          <reporter-output>
          </reporter-output>
        </test-method> <!-- loginTest -->
        <test-method signature="loginTest(java.lang.String,java.lang.String,java.lang.String)[pri:0, instance:testPackage.LoginTestClass@3857f613]" started-at="2024-01-26T17:51:34 IST" name="loginTest" data-provider="LoginData" finished-at="2024-01-26T17:51:38 IST" duration-ms="3565" status="PASS">
          <params>
            <param index="0">
              <value>
                <![CDATA[admin]]>
              </value>
            </param>
            <param index="1">
              <value>
                <![CDATA[Admin23]]>
              </value>
            </param>
            <param index="2">
              <value>
                <![CDATA[Invalid]]>
              </value>
            </param>
          </params>
          <reporter-output>
          </reporter-output>
        </test-method> <!-- loginTest -->
        <test-method is-config="true" signature="cleanObjects()[pri:0, instance:testPackage.LoginTestClass@3857f613]" started-at="2024-01-26T17:51:38 IST" name="cleanObjects" finished-at="2024-01-26T17:51:38 IST" duration-ms="1" status="PASS">
          <reporter-output>
          </reporter-output>
        </test-method> <!-- cleanObjects -->
        <test-method is-config="true" signature="closedBrowser()[pri:0, instance:testPackage.LoginTestClass@3857f613]" started-at="2024-01-26T17:51:38 IST" name="closedBrowser" finished-at="2024-01-26T17:51:38 IST" duration-ms="190" status="PASS">
          <reporter-output>
          </reporter-output>
        </test-method> <!-- closedBrowser -->
      </class> <!-- testPackage.LoginTestClass -->
    </test> <!-- TestChrome2 -->
  </suite> <!-- SuiteOrange -->
</testng-results>
