<?xml version="1.0" encoding="UTF-8"?>
<testng-results ignored="0" total="3" passed="3" failed="0" skipped="0">
  <reporter-output>
  </reporter-output>
  <suite started-at="2024-05-29T14:38:15 IST" name="SuiteOrange" finished-at="2024-05-29T14:39:57 IST" duration-ms="102252">
    <groups>
    </groups>
    <test started-at="2024-05-29T14:38:15 IST" name="TestChrome1" finished-at="2024-05-29T14:39:57 IST" duration-ms="102252">
      <class name="testPackage.VerifyOrangeTestClass1">
        <test-method is-config="true" signature="launchBrowser(java.lang.String)[pri:0, instance:testPackage.VerifyOrangeTestClass1@40005471]" started-at="2024-05-29T14:38:15 IST" name="launchBrowser" finished-at="2024-05-29T14:38:17 IST" duration-ms="1497" status="PASS">
          <params>
            <param index="0">
              <value>
                <![CDATA[Chrome]]>
              </value>
            </param>
          </params>
          <reporter-output>
          </reporter-output>
        </test-method> <!-- launchBrowser -->
        <test-method is-config="true" signature="launchOrangeHRMApplication()[pri:0, instance:testPackage.VerifyOrangeTestClass1@40005471]" started-at="2024-05-29T14:38:17 IST" name="launchOrangeHRMApplication" finished-at="2024-05-29T14:38:50 IST" duration-ms="33183" status="PASS">
          <reporter-output>
          </reporter-output>
        </test-method> <!-- launchOrangeHRMApplication -->
        <test-method is-config="true" signature="LoginOrangeHRM()[pri:0, instance:testPackage.VerifyOrangeTestClass1@40005471]" started-at="2024-05-29T14:38:50 IST" name="LoginOrangeHRM" finished-at="2024-05-29T14:39:00 IST" duration-ms="10384" status="PASS">
          <reporter-output>
          </reporter-output>
        </test-method> <!-- LoginOrangeHRM -->
        <test-method signature="verifyAdminOption()[pri:-1, instance:testPackage.VerifyOrangeTestClass1@40005471]" started-at="2024-05-29T14:39:00 IST" name="verifyAdminOption" finished-at="2024-05-29T14:39:06 IST" duration-ms="5928" status="PASS">
          <reporter-output>
          </reporter-output>
        </test-method> <!-- verifyAdminOption -->
        <test-method is-config="true" signature="logoutOrangeHRM()[pri:0, instance:testPackage.VerifyOrangeTestClass1@40005471]" started-at="2024-05-29T14:39:07 IST" name="logoutOrangeHRM" finished-at="2024-05-29T14:39:11 IST" duration-ms="4990" status="PASS">
          <reporter-output>
          </reporter-output>
        </test-method> <!-- logoutOrangeHRM -->
        <test-method is-config="true" signature="LoginOrangeHRM()[pri:0, instance:testPackage.VerifyOrangeTestClass1@40005471]" started-at="2024-05-29T14:39:12 IST" name="LoginOrangeHRM" finished-at="2024-05-29T14:39:22 IST" duration-ms="10925" status="PASS">
          <reporter-output>
          </reporter-output>
        </test-method> <!-- LoginOrangeHRM -->
        <test-method signature="verifyAboutOption()[pri:1, instance:testPackage.VerifyOrangeTestClass1@40005471]" started-at="2024-05-29T14:39:22 IST" name="verifyAboutOption" finished-at="2024-05-29T14:39:30 IST" duration-ms="7391" status="PASS">
          <reporter-output>
          </reporter-output>
        </test-method> <!-- verifyAboutOption -->
        <test-method is-config="true" signature="logoutOrangeHRM()[pri:0, instance:testPackage.VerifyOrangeTestClass1@40005471]" started-at="2024-05-29T14:39:30 IST" name="logoutOrangeHRM" finished-at="2024-05-29T14:39:35 IST" duration-ms="5431" status="PASS">
          <reporter-output>
          </reporter-output>
        </test-method> <!-- logoutOrangeHRM -->
        <test-method is-config="true" signature="LoginOrangeHRM()[pri:0, instance:testPackage.VerifyOrangeTestClass1@40005471]" started-at="2024-05-29T14:39:35 IST" name="LoginOrangeHRM" finished-at="2024-05-29T14:39:45 IST" duration-ms="9264" status="PASS">
          <reporter-output>
          </reporter-output>
        </test-method> <!-- LoginOrangeHRM -->
        <test-method signature="verifyEmployeeTableData()[pri:2, instance:testPackage.VerifyOrangeTestClass1@40005471]" started-at="2024-05-29T14:39:45 IST" name="verifyEmployeeTableData" finished-at="2024-05-29T14:39:51 IST" depends-on-methods="testPackage.VerifyOrangeTestClass1.verifyAboutOption" duration-ms="6745" status="PASS">
          <reporter-output>
          </reporter-output>
        </test-method> <!-- verifyEmployeeTableData -->
        <test-method is-config="true" signature="logoutOrangeHRM()[pri:0, instance:testPackage.VerifyOrangeTestClass1@40005471]" started-at="2024-05-29T14:39:52 IST" name="logoutOrangeHRM" finished-at="2024-05-29T14:39:57 IST" duration-ms="5620" status="PASS">
          <reporter-output>
          </reporter-output>
        </test-method> <!-- logoutOrangeHRM -->
        <test-method is-config="true" signature="cleanObjects()[pri:0, instance:testPackage.VerifyOrangeTestClass1@40005471]" started-at="2024-05-29T14:39:57 IST" name="cleanObjects" finished-at="2024-05-29T14:39:57 IST" duration-ms="1" status="PASS">
          <reporter-output>
          </reporter-output>
        </test-method> <!-- cleanObjects -->
        <test-method is-config="true" signature="closedBrowser()[pri:0, instance:testPackage.VerifyOrangeTestClass1@40005471]" started-at="2024-05-29T14:39:57 IST" name="closedBrowser" finished-at="2024-05-29T14:39:57 IST" duration-ms="193" status="PASS">
          <reporter-output>
          </reporter-output>
        </test-method> <!-- closedBrowser -->
      </class> <!-- testPackage.VerifyOrangeTestClass1 -->
    </test> <!-- TestChrome1 -->
  </suite> <!-- SuiteOrange -->
</testng-results>
